Array
(
)
Array
(
)
{"update_id":680634336,
"message":{"message_id":72,"from":{"id":6984850,"first_name":"Athul","last_name":"Raj","username":"athulr"},"chat":{"id":6984850,"first_name":"Athul","last_name":"Raj","username":"athulr"},"date":1441958862,"text":"lksd;lfkf;ds"}}{"update_id":680634337,
"message":{"message_id":73,"from":{"id":6984850,"first_name":"Athul","last_name":"Raj","username":"athulr"},"chat":{"id":6984850,"first_name":"Athul","last_name":"Raj","username":"athulr"},"date":1441958906,"text":"dhjkghfkjgdf"}}{"update_id":680634338,
"message":{"message_id":74,"from":{"id":6984850,"first_name":"Athul","last_name":"Raj","username":"athulr"},"chat":{"id":6984850,"first_name":"Athul","last_name":"Raj","username":"athulr"},"date":1441958907,"text":"gdf"}}{"update_id":680634340,
"message":{"message_id":76,"from":{"id":6984850,"first_name":"Athul","last_name":"Raj","username":"athulr"},"chat":{"id":6984850,"first_name":"Athul","last_name":"Raj","username":"athulr"},"date":1441958907,"text":"fdg"}}{"update_id":680634339,
"message":{"message_id":75,"from":{"id":6984850,"first_name":"Athul","last_name":"Raj","username":"athulr"},"chat":{"id":6984850,"first_name":"Athul","last_name":"Raj","username":"athulr"},"date":1441958907,"text":"g"}}{"update_id":680634341,
"message":{"message_id":77,"from":{"id":6984850,"first_name":"Athul","last_name":"Raj","username":"athulr"},"chat":{"id":6984850,"first_name":"Athul","last_name":"Raj","username":"athulr"},"date":1441958907,"text":"df"}}{"update_id":680634342,
"message":{"message_id":78,"from":{"id":6984850,"first_name":"Athul","last_name":"Raj","username":"athulr"},"chat":{"id":6984850,"first_name":"Athul","last_name":"Raj","username":"athulr"},"date":1441958907,"text":"g"}}{"update_id":680634343,
"message":{"message_id":79,"from":{"id":6984850,"first_name":"Athul","last_name":"Raj","username":"athulr"},"chat":{"id":6984850,"first_name":"Athul","last_name":"Raj","username":"athulr"},"date":1441958908,"text":"df"}}{"update_id":680634344,
"message":{"message_id":80,"from":{"id":6984850,"first_name":"Athul","last_name":"Raj","username":"athulr"},"chat":{"id":6984850,"first_name":"Athul","last_name":"Raj","username":"athulr"},"date":1441958908,"text":"g"}}{"update_id":680634345,
"message":{"message_id":81,"from":{"id":6984850,"first_name":"Athul","last_name":"Raj","username":"athulr"},"chat":{"id":6984850,"first_name":"Athul","last_name":"Raj","username":"athulr"},"date":1441958908,"text":"fdg"}}{"update_id":680634346,
"message":{"message_id":82,"from":{"id":6984850,"first_name":"Athul","last_name":"Raj","username":"athulr"},"chat":{"id":6984850,"first_name":"Athul","last_name":"Raj","username":"athulr"},"date":1441958908,"text":"df"}}{"update_id":680634347,
"message":{"message_id":83,"from":{"id":6984850,"first_name":"Athul","last_name":"Raj","username":"athulr"},"chat":{"id":6984850,"first_name":"Athul","last_name":"Raj","username":"athulr"},"date":1441958908,"text":"g"}}{"update_id":680634348,
"message":{"message_id":84,"from":{"id":6984850,"first_name":"Athul","last_name":"Raj","username":"athulr"},"chat":{"id":-18698029,"title":"GC1705"},"date":1441958942,"text":"dkfgjldfkg"}}{"update_id":680634349,
"message":{"message_id":85,"from":{"id":6984850,"first_name":"Athul","last_name":"Raj","username":"athulr"},"chat":{"id":-18698029,"title":"GC1705"},"date":1441958943,"text":"dfghdfjk"}}{"update_id":680634350,
"message":{"message_id":86,"from":{"id":6984850,"first_name":"Athul","last_name":"Raj","username":"athulr"},"chat":{"id":-18698029,"title":"GC1705"},"date":1441958944,"text":"kjghkdfj"}}{"update_id":735998884,
"message":{"message_id":1,"from":{"id":6984850,"first_name":"Athul","last_name":"Raj","username":"athulr"},"chat":{"id":6984850,"first_name":"Athul","last_name":"Raj","username":"athulr","type":"private"},"date":1454241540,"text":"\/start"}}{"update_id":735998885,
"message":{"message_id":2,"from":{"id":6984850,"first_name":"Athul","last_name":"Raj","username":"athulr"},"chat":{"id":6984850,"first_name":"Athul","last_name":"Raj","username":"athulr","type":"private"},"date":1454241541,"text":"hhihkj"}}{"update_id":735998900,
"message":{"message_id":34,"from":{"id":6984850,"first_name":"Athul","last_name":"Raj","username":"athulr"},"chat":{"id":6984850,"first_name":"Athul","last_name":"Raj","username":"athulr","type":"private"},"date":1454251360,"text":"sfds"}}{"update_id":735998899,
"message":{"message_id":33,"from":{"id":6984850,"first_name":"Athul","last_name":"Raj","username":"athulr"},"chat":{"id":6984850,"first_name":"Athul","last_name":"Raj","username":"athulr","type":"private"},"date":1454251346,"text":"sssdf"}}{"update_id":735998901,
"message":{"message_id":37,"from":{"id":6984850,"first_name":"Athul","last_name":"Raj","username":"athulr"},"chat":{"id":6984850,"first_name":"Athul","last_name":"Raj","username":"athulr","type":"private"},"date":1454251378,"text":"jhkj"}}{"update_id":735998898,
"message":{"message_id":32,"from":{"id":6984850,"first_name":"Athul","last_name":"Raj","username":"athulr"},"chat":{"id":6984850,"first_name":"Athul","last_name":"Raj","username":"athulr","type":"private"},"date":1454251209,"text":"sdfghjk"}}{"update_id":735998902,
"message":{"message_id":40,"from":{"id":6984850,"first_name":"Athul","last_name":"Raj","username":"athulr"},"chat":{"id":-13613693,"title":"TinkerHub","type":"group"},"date":1454251399,"new_chat_participant":{"id":187593023,"first_name":"Facebook Page Integration","username":"FBLinkerBot"}}}{"update_id":735998903,
"message":{"message_id":42,"from":{"id":6984850,"first_name":"Athul","last_name":"Raj","username":"athulr"},"chat":{"id":-13613693,"title":"TinkerHub","type":"group"},"date":1454251411,"text":"\/ppost@FBLinkerBot"}}{"update_id":735998904,
"message":{"message_id":44,"from":{"id":36755641,"first_name":"Kiran","last_name":"S Kunjumon","username":"ksk95"},"chat":{"id":-13613693,"title":"TinkerHub","type":"group"},"date":1454251414,"text":"\/ppost@FBLinkerBot"}}{"update_id":735998905,
"message":{"message_id":46,"from":{"id":36755641,"first_name":"Kiran","last_name":"S Kunjumon","username":"ksk95"},"chat":{"id":-13613693,"title":"TinkerHub","type":"group"},"date":1454251416,"text":"\/ppost@FBLinkerBot"}}{"update_id":735998906,
"message":{"message_id":48,"from":{"id":6984850,"first_name":"Athul","last_name":"Raj","username":"athulr"},"chat":{"id":-13613693,"title":"TinkerHub","type":"group"},"date":1454251429,"left_chat_participant":{"id":187593023,"first_name":"Facebook Page Integration","username":"FBLinkerBot"}}}{"update_id":735998907,
"message":{"message_id":50,"from":{"id":6984850,"first_name":"Athul","last_name":"Raj","username":"athulr"},"chat":{"id":6984850,"first_name":"Athul","last_name":"Raj","username":"athulr","type":"private"},"date":1454251560,"text":"sdfsdfds"}}{"update_id":735998908,
"message":{"message_id":52,"from":{"id":6984850,"first_name":"Athul","last_name":"Raj","username":"athulr"},"chat":{"id":6984850,"first_name":"Athul","last_name":"Raj","username":"athulr","type":"private"},"date":1454251625,"text":"sdjfhk"}}{"update_id":735998909,
"message":{"message_id":71,"from":{"id":6984850,"first_name":"Athul","last_name":"Raj","username":"athulr"},"chat":{"id":-13613693,"title":"TinkerHub","type":"group"},"date":1454251779,"new_chat_participant":{"id":187593023,"first_name":"Facebook Page Integration","username":"FBLinkerBot"}}}